# JRE version: OpenJDK Runtime Environment (8.0_202-b03) (build 1.8.0_202-release-1483-b03)
# Java VM: OpenJDK 64-Bit Server VM (25.202-b03 mixed mode windows-amd64 compressed oops)
Heap:
 PSYoungGen      total 122880K, used 87531K [0x00000000e0000000, 0x00000000ea480000, 0x0000000100000000)
  eden space 110592K, 79% used [0x00000000e0000000,0x00000000e557ad80,0x00000000e6c00000)
  from space 12288K, 0% used [0x00000000e6c00000,0x00000000e6c00000,0x00000000e7800000)
  to   space 12800K, 0% used [0x00000000e9800000,0x00000000e9800000,0x00000000ea480000)
 ParOldGen       total 121856K, used 32949K [0x00000000a0000000, 0x00000000a7700000, 0x00000000e0000000)
  object space 121856K, 27% used [0x00000000a0000000,0x00000000a202d4b8,0x00000000a7700000)
 Metaspace       used 62768K, capacity 64652K, committed 64856K, reserved 1105920K
  class space    used 8284K, capacity 8705K, committed 8832K, reserved 1048576K
GC Heap History (10 events):
Event: 16.790 GC heap before
{Heap before GC invocations=12 (full 2):
 PSYoungGen      total 94720K, used 8238K [0x00000000e0000000, 0x00000000e6700000, 0x0000000100000000)
  eden space 84480K, 0% used [0x00000000e0000000,0x00000000e0000000,0x00000000e5280000)
  from space 10240K, 80% used [0x00000000e5c80000,0x00000000e648b8a8,0x00000000e6680000)
  to   space 10240K, 0% used [0x00000000e5280000,0x00000000e5280000,0x00000000e5c80000)
 ParOldGen       total 54272K, used 12471K [0x00000000a0000000, 0x00000000a3500000, 0x00000000e0000000)
  object space 54272K, 22% used [0x00000000a0000000,0x00000000a0c2dfb8,0x00000000a3500000)
 Metaspace       used 34528K, capacity 35232K, committed 35416K, reserved 1079296K
  class space    used 4740K, capacity 4943K, committed 4992K, reserved 1048576K
Event: 16.911 GC heap after
Heap after GC invocations=12 (full 2):
 PSYoungGen      total 94720K, used 0K [0x00000000e0000000, 0x00000000e6700000, 0x0000000100000000)
  eden space 84480K, 0% used [0x00000000e0000000,0x00000000e0000000,0x00000000e5280000)
  from space 10240K, 0% used [0x00000000e5c80000,0x00000000e5c80000,0x00000000e6680000)
  to   space 10240K, 0% used [0x00000000e5280000,0x00000000e5280000,0x00000000e5c80000)
 ParOldGen       total 81408K, used 18250K [0x00000000a0000000, 0x00000000a4f80000, 0x00000000e0000000)
  object space 81408K, 22% used [0x00000000a0000000,0x00000000a11d2b58,0x00000000a4f80000)
 Metaspace       used 34517K, capacity 35196K, committed 35416K, reserved 1079296K
  class space    used 4737K, capacity 4937K, committed 4992K, reserved 1048576K
}
Event: 18.606 GC heap before
{Heap before GC invocations=13 (full 2):
 PSYoungGen      total 94720K, used 84473K [0x00000000e0000000, 0x00000000e6700000, 0x0000000100000000)
  eden space 84480K, 99% used [0x00000000e0000000,0x00000000e527e408,0x00000000e5280000)
  from space 10240K, 0% used [0x00000000e5c80000,0x00000000e5c80000,0x00000000e6680000)
  to   space 10240K, 0% used [0x00000000e5280000,0x00000000e5280000,0x00000000e5c80000)
 ParOldGen       total 81408K, used 18250K [0x00000000a0000000, 0x00000000a4f80000, 0x00000000e0000000)
  object space 81408K, 22% used [0x00000000a0000000,0x00000000a11d2b58,0x00000000a4f80000)
 Metaspace       used 43903K, capacity 44748K, committed 45016K, reserved 1087488K
  class space    used 5912K, capacity 6138K, committed 6144K, reserved 1048576K
Event: 18.621 GC heap after
Heap after GC invocations=13 (full 2):
 PSYoungGen      total 94720K, used 10210K [0x00000000e0000000, 0x00000000e8480000, 0x0000000100000000)
  eden space 84480K, 0% used [0x00000000e0000000,0x00000000e0000000,0x00000000e5280000)
  from space 10240K, 99% used [0x00000000e5280000,0x00000000e5c788a8,0x00000000e5c80000)
  to   space 12288K, 0% used [0x00000000e7880000,0x00000000e7880000,0x00000000e8480000)
 ParOldGen       total 81408K, used 20258K [0x00000000a0000000, 0x00000000a4f80000, 0x00000000e0000000)
  object space 81408K, 24% used [0x00000000a0000000,0x00000000a13c8888,0x00000000a4f80000)
 Metaspace       used 43903K, capacity 44748K, committed 45016K, reserved 1087488K
  class space    used 5912K, capacity 6138K, committed 6144K, reserved 1048576K
}
Event: 20.061 GC heap before
{Heap before GC invocations=14 (full 2):
 PSYoungGen      total 94720K, used 94690K [0x00000000e0000000, 0x00000000e8480000, 0x0000000100000000)
  eden space 84480K, 100% used [0x00000000e0000000,0x00000000e5280000,0x00000000e5280000)
  from space 10240K, 99% used [0x00000000e5280000,0x00000000e5c788a8,0x00000000e5c80000)
  to   space 12288K, 0% used [0x00000000e7880000,0x00000000e7880000,0x00000000e8480000)
 ParOldGen       total 81408K, used 20258K [0x00000000a0000000, 0x00000000a4f80000, 0x00000000e0000000)
  object space 81408K, 24% used [0x00000000a0000000,0x00000000a13c8888,0x00000000a4f80000)
 Metaspace       used 50013K, capacity 51222K, committed 51288K, reserved 1093632K
  class space    used 6726K, capacity 7010K, committed 7040K, reserved 1048576K
Event: 20.082 GC heap after
Heap after GC invocations=14 (full 2):
 PSYoungGen      total 122368K, used 9407K [0x00000000e0000000, 0x00000000e8400000, 0x0000000100000000)
  eden space 110592K, 0% used [0x00000000e0000000,0x00000000e0000000,0x00000000e6c00000)
  from space 11776K, 79% used [0x00000000e7880000,0x00000000e81affd8,0x00000000e8400000)
  to   space 12288K, 0% used [0x00000000e6c00000,0x00000000e6c00000,0x00000000e7800000)
 ParOldGen       total 81408K, used 25445K [0x00000000a0000000, 0x00000000a4f80000, 0x00000000e0000000)
  object space 81408K, 31% used [0x00000000a0000000,0x00000000a18d9670,0x00000000a4f80000)
 Metaspace       used 50013K, capacity 51222K, committed 51288K, reserved 1093632K
  class space    used 6726K, capacity 7010K, committed 7040K, reserved 1048576K
}
Event: 22.371 GC heap before
{Heap before GC invocations=15 (full 2):
 PSYoungGen      total 122368K, used 87417K [0x00000000e0000000, 0x00000000e8400000, 0x0000000100000000)
  eden space 110592K, 70% used [0x00000000e0000000,0x00000000e4c2e808,0x00000000e6c00000)
  from space 11776K, 79% used [0x00000000e7880000,0x00000000e81affd8,0x00000000e8400000)
  to   space 12288K, 0% used [0x00000000e6c00000,0x00000000e6c00000,0x00000000e7800000)
 ParOldGen       total 81408K, used 25445K [0x00000000a0000000, 0x00000000a4f80000, 0x00000000e0000000)
  object space 81408K, 31% used [0x00000000a0000000,0x00000000a18d9670,0x00000000a4f80000)
 Metaspace       used 57343K, capacity 58900K, committed 59028K, reserved 1099776K
  class space    used 7809K, capacity 8163K, committed 8192K, reserved 1048576K
Event: 22.389 GC heap after
Heap after GC invocations=15 (full 2):
 PSYoungGen      total 122880K, used 8875K [0x00000000e0000000, 0x00000000ea480000, 0x0000000100000000)
  eden space 110592K, 0% used [0x00000000e0000000,0x00000000e0000000,0x00000000e6c00000)
  from space 12288K, 72% used [0x00000000e6c00000,0x00000000e74aae68,0x00000000e7800000)
  to   space 12800K, 0% used [0x00000000e9800000,0x00000000e9800000,0x00000000ea480000)
 ParOldGen       total 81408K, used 29687K [0x00000000a0000000, 0x00000000a4f80000, 0x00000000e0000000)
  object space 81408K, 36% used [0x00000000a0000000,0x00000000a1cfdeb0,0x00000000a4f80000)
 Metaspace       used 57343K, capacity 58900K, committed 59028K, reserved 1099776K
  class space    used 7809K, capacity 8163K, committed 8192K, reserved 1048576K
}
Event: 22.389 GC heap before
{Heap before GC invocations=16 (full 3):
 PSYoungGen      total 122880K, used 8875K [0x00000000e0000000, 0x00000000ea480000, 0x0000000100000000)
  eden space 110592K, 0% used [0x00000000e0000000,0x00000000e0000000,0x00000000e6c00000)
  from space 12288K, 72% used [0x00000000e6c00000,0x00000000e74aae68,0x00000000e7800000)
  to   space 12800K, 0% used [0x00000000e9800000,0x00000000e9800000,0x00000000ea480000)
 ParOldGen       total 81408K, used 29687K [0x00000000a0000000, 0x00000000a4f80000, 0x00000000e0000000)
  object space 81408K, 36% used [0x00000000a0000000,0x00000000a1cfdeb0,0x00000000a4f80000)
 Metaspace       used 57343K, capacity 58900K, committed 59028K, reserved 1099776K
  class space    used 7809K, capacity 8163K, committed 8192K, reserved 1048576K
Event: 22.709 GC heap after
Heap after GC invocations=16 (full 3):
 PSYoungGen      total 122880K, used 0K [0x00000000e0000000, 0x00000000ea480000, 0x0000000100000000)
  eden space 110592K, 0% used [0x00000000e0000000,0x00000000e0000000,0x00000000e6c00000)
  from space 12288K, 0% used [0x00000000e6c00000,0x00000000e6c00000,0x00000000e7800000)
  to   space 12800K, 0% used [0x00000000e9800000,0x00000000e9800000,0x00000000ea480000)
 ParOldGen       total 121856K, used 32949K [0x00000000a0000000, 0x00000000a7700000, 0x00000000e0000000)
  object space 121856K, 27% used [0x00000000a0000000,0x00000000a202d4b8,0x00000000a7700000)
 Metaspace       used 57343K, capacity 58900K, committed 59028K, reserved 1099776K
  class space    used 7809K, capacity 8163K, committed 8192K, reserved 1048576K
}

