# JRE version: OpenJDK Runtime Environment (8.0_202-b03) (build 1.8.0_202-release-1483-b03)
# Java VM: OpenJDK 64-Bit Server VM (25.202-b03 mixed mode windows-amd64 compressed oops)
Heap:
 PSYoungGen      total 144896K, used 36690K [0x00000000e0000000, 0x00000000ea600000, 0x0000000100000000)
  eden space 133120K, 18% used [0x00000000e0000000,0x00000000e185c680,0x00000000e8200000)
  from space 11776K, 99% used [0x00000000e9a80000,0x00000000ea5f8190,0x00000000ea600000)
  to   space 13824K, 0% used [0x00000000e8b00000,0x00000000e8b00000,0x00000000e9880000)
 ParOldGen       total 91648K, used 20488K [0x00000000a0000000, 0x00000000a5980000, 0x00000000e0000000)
  object space 91648K, 22% used [0x00000000a0000000,0x00000000a1402050,0x00000000a5980000)
 Metaspace       used 47890K, capacity 49232K, committed 49280K, reserved 1091584K
  class space    used 6431K, capacity 6773K, committed 6784K, reserved 1048576K
GC Heap History (10 events):
Event: 6.231 GC heap before
{Heap before GC invocations=8 (full 1):
 PSYoungGen      total 76288K, used 65536K [0x00000000e0000000, 0x00000000e5500000, 0x0000000100000000)
  eden space 65536K, 100% used [0x00000000e0000000,0x00000000e4000000,0x00000000e4000000)
  from space 10752K, 0% used [0x00000000e4a80000,0x00000000e4a80000,0x00000000e5500000)
  to   space 10752K, 0% used [0x00000000e4000000,0x00000000e4000000,0x00000000e4a80000)
 ParOldGen       total 60928K, used 11461K [0x00000000a0000000, 0x00000000a3b80000, 0x00000000e0000000)
  object space 60928K, 18% used [0x00000000a0000000,0x00000000a0b314a8,0x00000000a3b80000)
 Metaspace       used 29096K, capacity 29700K, committed 30080K, reserved 1075200K
  class space    used 3927K, capacity 4102K, committed 4224K, reserved 1048576K
Event: 6.243 GC heap after
Heap after GC invocations=8 (full 1):
 PSYoungGen      total 76288K, used 8042K [0x00000000e0000000, 0x00000000e7c80000, 0x0000000100000000)
  eden space 65536K, 0% used [0x00000000e0000000,0x00000000e0000000,0x00000000e4000000)
  from space 10752K, 74% used [0x00000000e4000000,0x00000000e47dab28,0x00000000e4a80000)
  to   space 10752K, 0% used [0x00000000e7200000,0x00000000e7200000,0x00000000e7c80000)
 ParOldGen       total 60928K, used 11469K [0x00000000a0000000, 0x00000000a3b80000, 0x00000000e0000000)
  object space 60928K, 18% used [0x00000000a0000000,0x00000000a0b334a8,0x00000000a3b80000)
 Metaspace       used 29096K, capacity 29700K, committed 30080K, reserved 1075200K
  class space    used 3927K, capacity 4102K, committed 4224K, reserved 1048576K
}
Event: 6.944 GC heap before
{Heap before GC invocations=9 (full 1):
 PSYoungGen      total 76288K, used 73578K [0x00000000e0000000, 0x00000000e7c80000, 0x0000000100000000)
  eden space 65536K, 100% used [0x00000000e0000000,0x00000000e4000000,0x00000000e4000000)
  from space 10752K, 74% used [0x00000000e4000000,0x00000000e47dab28,0x00000000e4a80000)
  to   space 10752K, 0% used [0x00000000e7200000,0x00000000e7200000,0x00000000e7c80000)
 ParOldGen       total 60928K, used 11469K [0x00000000a0000000, 0x00000000a3b80000, 0x00000000e0000000)
  object space 60928K, 18% used [0x00000000a0000000,0x00000000a0b334a8,0x00000000a3b80000)
 Metaspace       used 32302K, capacity 32866K, committed 33152K, reserved 1077248K
  class space    used 4455K, capacity 4624K, committed 4736K, reserved 1048576K
Event: 6.963 GC heap after
Heap after GC invocations=9 (full 1):
 PSYoungGen      total 116736K, used 8448K [0x00000000e0000000, 0x00000000e7e80000, 0x0000000100000000)
  eden space 105984K, 0% used [0x00000000e0000000,0x00000000e0000000,0x00000000e6780000)
  from space 10752K, 78% used [0x00000000e7200000,0x00000000e7a40288,0x00000000e7c80000)
  to   space 10752K, 0% used [0x00000000e6780000,0x00000000e6780000,0x00000000e7200000)
 ParOldGen       total 60928K, used 11477K [0x00000000a0000000, 0x00000000a3b80000, 0x00000000e0000000)
  object space 60928K, 18% used [0x00000000a0000000,0x00000000a0b354a8,0x00000000a3b80000)
 Metaspace       used 32302K, capacity 32866K, committed 33152K, reserved 1077248K
  class space    used 4455K, capacity 4624K, committed 4736K, reserved 1048576K
}
Event: 8.660 GC heap before
{Heap before GC invocations=10 (full 1):
 PSYoungGen      total 116736K, used 57752K [0x00000000e0000000, 0x00000000e7e80000, 0x0000000100000000)
  eden space 105984K, 46% used [0x00000000e0000000,0x00000000e3025dc0,0x00000000e6780000)
  from space 10752K, 78% used [0x00000000e7200000,0x00000000e7a40288,0x00000000e7c80000)
  to   space 10752K, 0% used [0x00000000e6780000,0x00000000e6780000,0x00000000e7200000)
 ParOldGen       total 60928K, used 11477K [0x00000000a0000000, 0x00000000a3b80000, 0x00000000e0000000)
  object space 60928K, 18% used [0x00000000a0000000,0x00000000a0b354a8,0x00000000a3b80000)
 Metaspace       used 34676K, capacity 35380K, committed 35456K, reserved 1079296K
  class space    used 4773K, capacity 4956K, committed 4992K, reserved 1048576K
Event: 8.687 GC heap after
Heap after GC invocations=10 (full 1):
 PSYoungGen      total 116736K, used 10424K [0x00000000e0000000, 0x00000000ea600000, 0x0000000100000000)
  eden space 105984K, 0% used [0x00000000e0000000,0x00000000e0000000,0x00000000e6780000)
  from space 10752K, 96% used [0x00000000e6780000,0x00000000e71ae268,0x00000000e7200000)
  to   space 11776K, 0% used [0x00000000e9a80000,0x00000000e9a80000,0x00000000ea600000)
 ParOldGen       total 60928K, used 11485K [0x00000000a0000000, 0x00000000a3b80000, 0x00000000e0000000)
  object space 60928K, 18% used [0x00000000a0000000,0x00000000a0b374a8,0x00000000a3b80000)
 Metaspace       used 34676K, capacity 35380K, committed 35456K, reserved 1079296K
  class space    used 4773K, capacity 4956K, committed 4992K, reserved 1048576K
}
Event: 8.687 GC heap before
{Heap before GC invocations=11 (full 2):
 PSYoungGen      total 116736K, used 10424K [0x00000000e0000000, 0x00000000ea600000, 0x0000000100000000)
  eden space 105984K, 0% used [0x00000000e0000000,0x00000000e0000000,0x00000000e6780000)
  from space 10752K, 96% used [0x00000000e6780000,0x00000000e71ae268,0x00000000e7200000)
  to   space 11776K, 0% used [0x00000000e9a80000,0x00000000e9a80000,0x00000000ea600000)
 ParOldGen       total 60928K, used 11485K [0x00000000a0000000, 0x00000000a3b80000, 0x00000000e0000000)
  object space 60928K, 18% used [0x00000000a0000000,0x00000000a0b374a8,0x00000000a3b80000)
 Metaspace       used 34676K, capacity 35380K, committed 35456K, reserved 1079296K
  class space    used 4773K, capacity 4956K, committed 4992K, reserved 1048576K
Event: 8.821 GC heap after
Heap after GC invocations=11 (full 2):
 PSYoungGen      total 116736K, used 0K [0x00000000e0000000, 0x00000000ea600000, 0x0000000100000000)
  eden space 105984K, 0% used [0x00000000e0000000,0x00000000e0000000,0x00000000e6780000)
  from space 10752K, 0% used [0x00000000e6780000,0x00000000e6780000,0x00000000e7200000)
  to   space 11776K, 0% used [0x00000000e9a80000,0x00000000e9a80000,0x00000000ea600000)
 ParOldGen       total 91648K, used 17680K [0x00000000a0000000, 0x00000000a5980000, 0x00000000e0000000)
  object space 91648K, 19% used [0x00000000a0000000,0x00000000a1144148,0x00000000a5980000)
 Metaspace       used 34676K, capacity 35380K, committed 35456K, reserved 1079296K
  class space    used 4773K, capacity 4956K, committed 4992K, reserved 1048576K
}
Event: 10.596 GC heap before
{Heap before GC invocations=12 (full 2):
 PSYoungGen      total 116736K, used 105984K [0x00000000e0000000, 0x00000000ea600000, 0x0000000100000000)
  eden space 105984K, 100% used [0x00000000e0000000,0x00000000e6780000,0x00000000e6780000)
  from space 10752K, 0% used [0x00000000e6780000,0x00000000e6780000,0x00000000e7200000)
  to   space 11776K, 0% used [0x00000000e9a80000,0x00000000e9a80000,0x00000000ea600000)
 ParOldGen       total 91648K, used 17680K [0x00000000a0000000, 0x00000000a5980000, 0x00000000e0000000)
  object space 91648K, 19% used [0x00000000a0000000,0x00000000a1144148,0x00000000a5980000)
 Metaspace       used 45420K, capacity 46392K, committed 46592K, reserved 1089536K
  class space    used 6109K, capacity 6384K, committed 6400K, reserved 1048576K
Event: 10.615 GC heap after
Heap after GC invocations=12 (full 2):
 PSYoungGen      total 144896K, used 11744K [0x00000000e0000000, 0x00000000ea600000, 0x0000000100000000)
  eden space 133120K, 0% used [0x00000000e0000000,0x00000000e0000000,0x00000000e8200000)
  from space 11776K, 99% used [0x00000000e9a80000,0x00000000ea5f8190,0x00000000ea600000)
  to   space 13824K, 0% used [0x00000000e8b00000,0x00000000e8b00000,0x00000000e9880000)
 ParOldGen       total 91648K, used 20488K [0x00000000a0000000, 0x00000000a5980000, 0x00000000e0000000)
  object space 91648K, 22% used [0x00000000a0000000,0x00000000a1402050,0x00000000a5980000)
 Metaspace       used 45420K, capacity 46392K, committed 46592K, reserved 1089536K
  class space    used 6109K, capacity 6384K, committed 6400K, reserved 1048576K
}

